2026-04-21 09:32:52,633 | INFO     | __main__ | 🚀 Запуск МеталлоКальк PRO v2.0.0
2026-04-21 09:32:52,635 | INFO     | __main__ | Инициализация базы данных...
2026-04-21 09:32:52,650 | INFO     | db.database | Схема БД существует. Проверка актуальности...
2026-04-21 09:32:52,651 | INFO     | __main__ | База данных готова к работе.
2026-04-21 09:32:52,744 | INFO     | __main__ | Создание главного окна...
2026-04-21 09:32:54,176 | INFO     | __main__ | ✅ Приложение запущено успешно.
2026-04-21 10:07:04,388 | INFO     | __main__ | 🔚 Завершение работы приложения.
2026-04-21 10:43:51,862 | INFO     | __main__ | 🚀 Запуск МеталлоКальк PRO v2.0.0
2026-04-21 10:43:51,863 | INFO     | __main__ | Инициализация базы данных...
2026-04-21 10:43:51,871 | INFO     | db.database | Схема БД существует. Проверка актуальности...
2026-04-21 10:43:51,874 | INFO     | __main__ | База данных готова к работе.
2026-04-21 10:43:51,950 | INFO     | __main__ | Создание главного окна...
2026-04-21 10:43:53,331 | INFO     | __main__ | ✅ Приложение запущено успешно.
2026-04-21 10:52:47,319 | INFO     | __main__ | 🔚 Завершение работы приложения.
2026-04-21 11:01:38,285 | INFO     | __main__ | 🚀 Запуск МеталлоКальк PRO v2.0.0
2026-04-21 11:01:38,285 | INFO     | __main__ | Инициализация базы данных...
2026-04-21 11:01:38,294 | INFO     | db.database | Схема БД существует. Проверка актуальности...
2026-04-21 11:01:38,296 | INFO     | __main__ | База данных готова к работе.
2026-04-21 11:01:38,369 | INFO     | __main__ | Создание главного окна...
2026-04-21 11:01:39,701 | INFO     | __main__ | ✅ Приложение запущено успешно.
2026-04-21 11:02:16,742 | INFO     | __main__ | 🔚 Завершение работы приложения.
2026-04-21 11:13:34,796 | INFO     | __main__ | 🚀 Запуск МеталлоКальк PRO v2.0.0
2026-04-21 11:13:34,797 | INFO     | __main__ | Инициализация базы данных...
2026-04-21 11:13:34,806 | INFO     | db.database | Схема БД существует. Проверка актуальности...
2026-04-21 11:13:34,808 | INFO     | __main__ | База данных готова к работе.
2026-04-21 11:13:34,888 | INFO     | __main__ | Создание главного окна...
2026-04-21 11:13:36,275 | INFO     | __main__ | ✅ Приложение запущено успешно.
2026-04-21 11:13:55,118 | CRITICAL | __main__ | Необработанное исключение: 'action'
Traceback (most recent call last):
  File "C:\Projects\calc_1.0\views\calculator_tab.py", line 101, in _handle_add_to_offer
    if "_action" in data and data["action"] == "create_offer":
                             ~~~~^^^^^^^^^^
KeyError: 'action'
2026-04-21 11:14:11,942 | CRITICAL | __main__ | Необработанное исключение: 
Traceback (most recent call last):
  File "C:\Users\User01\AppData\Local\Programs\Python\Python312\Lib\enum.py", line 726, in __call__
    def __call__(cls, value, names=_not_given, *values, module=None, qualname=None, type=None, start=1, boundary=None):
    
KeyboardInterrupt
2026-04-21 11:14:13,260 | INFO     | __main__ | 🔚 Завершение работы приложения.
2026-04-21 11:44:04,225 | INFO     | __main__ | 🚀 Запуск МеталлоКальк PRO v2.0.0
2026-04-21 11:44:04,227 | INFO     | __main__ | Инициализация базы данных...
2026-04-21 11:44:04,240 | INFO     | db.database | Схема БД существует. Проверка актуальности...
2026-04-21 11:44:04,243 | INFO     | __main__ | База данных готова к работе.
2026-04-21 11:44:04,329 | INFO     | __main__ | Создание главного окна...
2026-04-21 11:44:05,873 | INFO     | __main__ | ✅ Приложение запущено успешно.
2026-04-21 12:17:21,795 | INFO     | __main__ | 🔚 Завершение работы приложения.
2026-04-21 14:03:27,513 | INFO     | __main__ | 🚀 Запуск МеталлоКальк PRO v2.0.0
2026-04-21 14:03:27,515 | INFO     | __main__ | Инициализация базы данных...
2026-04-21 14:03:27,527 | INFO     | db.database | Схема БД существует. Проверка актуальности...
2026-04-21 14:03:27,530 | INFO     | __main__ | База данных готова к работе.
2026-04-21 14:03:27,625 | INFO     | __main__ | Создание главного окна...
2026-04-21 14:03:29,366 | INFO     | __main__ | ✅ Приложение запущено успешно.
2026-04-21 14:31:19,371 | INFO     | __main__ | 🔚 Завершение работы приложения.
2026-04-21 14:31:25,336 | INFO     | __main__ | 🚀 Запуск МеталлоКальк PRO v2.0.0
2026-04-21 14:31:25,337 | INFO     | __main__ | Инициализация базы данных...
2026-04-21 14:31:25,346 | INFO     | db.database | Схема БД существует. Проверка актуальности...
2026-04-21 14:31:25,348 | INFO     | __main__ | База данных готова к работе.
2026-04-21 14:31:25,412 | INFO     | __main__ | Создание главного окна...
2026-04-21 14:31:27,674 | INFO     | __main__ | ✅ Приложение запущено успешно.
2026-04-21 14:37:29,036 | CRITICAL | __main__ | Необработанное исключение: 'markup_pct'
Traceback (most recent call last):
  File "C:\Projects\calc_1.0\views\offers_tab.py", line 104, in _show_offer
    self.table.append_position(item)
  File "C:\Projects\calc_1.0\views\offer_table_widget.py", line 142, in append_position
    txt = fmt[0](item_data) if fmt else str(val)
          ^^^^^^^^^^^^^^^^^
  File "C:\Projects\calc_1.0\views\offer_table_widget.py", line 134, in <lambda>
    ("markup_pct", 6, lambda d: f"{d['markup_pct']}% + {d['markup_abs']:,.2f} ₽"),
                                   ~^^^^^^^^^^^^^^
KeyError: 'markup_pct'
2026-04-21 14:38:13,651 | CRITICAL | __main__ | Необработанное исключение: 'markup_pct'
Traceback (most recent call last):
  File "C:\Projects\calc_1.0\views\offers_tab.py", line 104, in _show_offer
    self.table.append_position(item)
  File "C:\Projects\calc_1.0\views\offer_table_widget.py", line 142, in append_position
    txt = fmt[0](item_data) if fmt else str(val)
          ^^^^^^^^^^^^^^^^^
  File "C:\Projects\calc_1.0\views\offer_table_widget.py", line 134, in <lambda>
    ("markup_pct", 6, lambda d: f"{d['markup_pct']}% + {d['markup_abs']:,.2f} ₽"),
                                   ~^^^^^^^^^^^^^^
KeyError: 'markup_pct'
2026-04-21 14:38:57,742 | CRITICAL | __main__ | Необработанное исключение: 'markup_pct'
Traceback (most recent call last):
  File "C:\Projects\calc_1.0\views\offers_tab.py", line 104, in _show_offer
    self.table.append_position(item)
  File "C:\Projects\calc_1.0\views\offer_table_widget.py", line 142, in append_position
    txt = fmt[0](item_data) if fmt else str(val)
          ^^^^^^^^^^^^^^^^^
  File "C:\Projects\calc_1.0\views\offer_table_widget.py", line 134, in <lambda>
    ("markup_pct", 6, lambda d: f"{d['markup_pct']}% + {d['markup_abs']:,.2f} ₽"),
                                   ~^^^^^^^^^^^^^^
KeyError: 'markup_pct'
2026-04-21 14:49:02,719 | CRITICAL | __main__ | Необработанное исключение: 
Traceback (most recent call last):
  File "C:\Users\User01\AppData\Local\Programs\Python\Python312\Lib\enum.py", line 726, in __call__
    def __call__(cls, value, names=_not_given, *values, module=None, qualname=None, type=None, start=1, boundary=None):
    
KeyboardInterrupt
2026-04-21 14:49:04,147 | INFO     | __main__ | 🔚 Завершение работы приложения.
2026-04-21 15:05:26,622 | INFO     | __main__ | 🚀 Запуск МеталлоКальк PRO v2.0.0
2026-04-21 15:05:26,623 | INFO     | __main__ | Инициализация базы данных...
2026-04-21 15:05:26,635 | INFO     | db.database | Схема БД существует. Проверка актуальности...
2026-04-21 15:05:26,638 | INFO     | __main__ | База данных готова к работе.
2026-04-21 15:05:26,795 | INFO     | __main__ | Создание главного окна...
2026-04-21 15:05:28,985 | INFO     | __main__ | ✅ Приложение запущено успешно.
2026-04-21 15:15:45,271 | INFO     | __main__ | 🔚 Завершение работы приложения.
2026-04-21 15:50:29,814 | INFO     | __main__ | 🚀 Запуск МеталлоКальк PRO v2.0.0
2026-04-21 15:50:29,816 | INFO     | __main__ | Инициализация базы данных...
2026-04-21 15:50:29,829 | INFO     | db.database | Схема БД существует. Проверка актуальности...
2026-04-21 15:50:29,831 | INFO     | __main__ | База данных готова к работе.
2026-04-21 15:50:29,932 | INFO     | __main__ | Создание главного окна...
2026-04-21 15:50:31,699 | INFO     | __main__ | ✅ Приложение запущено успешно.
2026-04-21 15:54:17,897 | INFO     | __main__ | 🔚 Завершение работы приложения.
2026-04-21 16:32:08,078 | INFO     | __main__ | 🚀 Запуск МеталлоКальк PRO v2.0.0
2026-04-21 16:32:08,078 | INFO     | __main__ | Инициализация базы данных...
2026-04-21 16:32:08,088 | INFO     | db.database | Схема БД существует. Проверка актуальности...
2026-04-21 16:32:08,091 | INFO     | __main__ | База данных готова к работе.
2026-04-21 16:32:08,169 | INFO     | __main__ | Создание главного окна...
2026-04-21 16:32:09,735 | INFO     | __main__ | ✅ Приложение запущено успешно.
2026-04-21 16:49:55,948 | CRITICAL | __main__ | Необработанное исключение: 
Traceback (most recent call last):
  File "C:\Users\User01\AppData\Local\Programs\Python\Python312\Lib\enum.py", line 726, in __call__
    def __call__(cls, value, names=_not_given, *values, module=None, qualname=None, type=None, start=1, boundary=None):
    
KeyboardInterrupt
2026-04-21 16:49:57,384 | INFO     | __main__ | 🔚 Завершение работы приложения.
2026-04-21 16:56:09,603 | INFO     | __main__ | 🚀 Запуск МеталлоКальк PRO v2.0.0
2026-04-21 16:56:09,604 | INFO     | __main__ | Инициализация базы данных...
2026-04-21 16:56:09,614 | INFO     | db.database | Схема БД существует. Проверка актуальности...
2026-04-21 16:56:09,616 | INFO     | __main__ | База данных готова к работе.
2026-04-21 16:56:09,691 | INFO     | __main__ | Создание главного окна...
2026-04-21 16:56:11,040 | INFO     | __main__ | ✅ Приложение запущено успешно.
2026-04-21 17:04:34,597 | INFO     | __main__ | 🔚 Завершение работы приложения.
2026-04-21 17:05:03,704 | INFO     | __main__ | 🚀 Запуск МеталлоКальк PRO v2.0.0
2026-04-21 17:05:03,705 | INFO     | __main__ | Инициализация базы данных...
2026-04-21 17:05:03,706 | INFO     | db.database | Схема БД существует. Проверка актуальности...
2026-04-21 17:05:03,708 | INFO     | __main__ | База данных готова к работе.
2026-04-21 17:05:03,746 | INFO     | __main__ | Создание главного окна...
2026-04-21 17:05:05,088 | INFO     | __main__ | ✅ Приложение запущено успешно.
2026-04-21 17:10:38,588 | INFO     | __main__ | 🔚 Завершение работы приложения.
2026-04-21 17:10:54,128 | INFO     | __main__ | 🚀 Запуск МеталлоКальк PRO v2.0.0
2026-04-21 17:10:54,129 | INFO     | __main__ | Инициализация базы данных...
2026-04-21 17:10:54,130 | INFO     | db.database | Схема БД существует. Проверка актуальности...
2026-04-21 17:10:54,132 | INFO     | __main__ | База данных готова к работе.
2026-04-21 17:10:54,157 | INFO     | __main__ | Создание главного окна...
2026-04-21 17:10:55,091 | INFO     | __main__ | ✅ Приложение запущено успешно.
2026-04-21 17:13:16,741 | INFO     | __main__ | 🔚 Завершение работы приложения.
2026-04-21 17:18:22,370 | INFO     | __main__ | 🚀 Запуск МеталлоКальк PRO v2.0.0
2026-04-21 17:18:22,370 | INFO     | __main__ | Инициализация базы данных...
2026-04-21 17:18:22,372 | INFO     | db.database | Схема БД существует. Проверка актуальности...
2026-04-21 17:18:22,374 | INFO     | __main__ | База данных готова к работе.
2026-04-21 17:18:22,401 | INFO     | __main__ | Создание главного окна...
2026-04-21 17:18:23,482 | INFO     | __main__ | ✅ Приложение запущено успешно.
2026-04-21 17:18:45,365 | CRITICAL | __main__ | Необработанное исключение: 'markup_pct'
Traceback (most recent call last):
  File "C:\Projects\calc_1.0\views\offers_tab.py", line 104, in _show_offer
    self.table.append_position(item)
  File "C:\Projects\calc_1.0\views\offer_table_widget.py", line 142, in append_position
    txt = fmt[0](item_data) if fmt else str(val)
          ^^^^^^^^^^^^^^^^^
  File "C:\Projects\calc_1.0\views\offer_table_widget.py", line 134, in <lambda>
    ("markup_pct", 6, lambda d: f"{d['markup_pct']}% + {d['markup_abs']:,.2f} ₽"),
                                   ~^^^^^^^^^^^^^^
KeyError: 'markup_pct'
2026-04-21 17:18:52,084 | CRITICAL | __main__ | Необработанное исключение: 'markup_pct'
Traceback (most recent call last):
  File "C:\Projects\calc_1.0\views\offers_tab.py", line 104, in _show_offer
    self.table.append_position(item)
  File "C:\Projects\calc_1.0\views\offer_table_widget.py", line 142, in append_position
    txt = fmt[0](item_data) if fmt else str(val)
          ^^^^^^^^^^^^^^^^^
  File "C:\Projects\calc_1.0\views\offer_table_widget.py", line 134, in <lambda>
    ("markup_pct", 6, lambda d: f"{d['markup_pct']}% + {d['markup_abs']:,.2f} ₽"),
                                   ~^^^^^^^^^^^^^^
KeyError: 'markup_pct'
2026-04-21 17:19:00,949 | INFO     | __main__ | 🔚 Завершение работы приложения.
2026-04-21 17:19:19,551 | INFO     | __main__ | 🚀 Запуск МеталлоКальк PRO v2.0.0
2026-04-21 17:19:19,551 | INFO     | __main__ | Инициализация базы данных...
2026-04-21 17:19:19,553 | INFO     | db.database | Схема БД существует. Проверка актуальности...
2026-04-21 17:19:19,555 | INFO     | __main__ | База данных готова к работе.
2026-04-21 17:19:19,582 | INFO     | __main__ | Создание главного окна...
2026-04-21 17:19:20,518 | INFO     | __main__ | ✅ Приложение запущено успешно.
2026-04-21 17:28:12,281 | CRITICAL | __main__ | Необработанное исключение: 
Traceback (most recent call last):
  File "C:\Projects\calc_1.0\views\main_window.py", line 149, in closeEvent
    def closeEvent(self, event):
    
KeyboardInterrupt
2026-04-21 17:28:13,368 | INFO     | __main__ | 🔚 Завершение работы приложения.
2026-04-21 17:28:17,558 | INFO     | __main__ | 🚀 Запуск МеталлоКальк PRO v2.0.0
2026-04-21 17:28:17,559 | INFO     | __main__ | Инициализация базы данных...
2026-04-21 17:28:17,560 | INFO     | db.database | Схема БД существует. Проверка актуальности...
2026-04-21 17:28:17,562 | INFO     | __main__ | База данных готова к работе.
2026-04-21 17:28:17,592 | INFO     | __main__ | Создание главного окна...
2026-04-21 17:28:18,774 | INFO     | __main__ | ✅ Приложение запущено успешно.
2026-04-21 17:31:49,635 | INFO     | __main__ | 🔚 Завершение работы приложения.
2026-04-21 17:34:55,853 | INFO     | __main__ | 🚀 Запуск МеталлоКальк PRO v2.0.0
2026-04-21 17:34:55,853 | INFO     | __main__ | Инициализация базы данных...
2026-04-21 17:34:55,855 | INFO     | db.database | Схема БД существует. Проверка актуальности...
2026-04-21 17:34:55,857 | INFO     | __main__ | База данных готова к работе.
2026-04-21 17:34:55,888 | INFO     | __main__ | Создание главного окна...
2026-04-21 17:34:56,824 | INFO     | __main__ | ✅ Приложение запущено успешно.
2026-04-21 17:36:44,693 | CRITICAL | __main__ | Необработанное исключение: 
Traceback (most recent call last):
  File "C:\Projects\calc_1.0\views\main_window.py", line 149, in closeEvent
    def closeEvent(self, event):
    
KeyboardInterrupt
2026-04-21 17:36:45,853 | INFO     | __main__ | 🔚 Завершение работы приложения.
2026-04-21 17:39:56,234 | INFO     | __main__ | 🚀 Запуск МеталлоКальк PRO v2.0.0
2026-04-21 17:39:56,235 | INFO     | __main__ | Инициализация базы данных...
2026-04-21 17:39:56,237 | INFO     | db.database | Схема БД существует. Проверка актуальности...
2026-04-21 17:39:56,238 | INFO     | __main__ | База данных готова к работе.
2026-04-21 17:39:56,266 | INFO     | __main__ | Создание главного окна...
2026-04-21 17:39:57,255 | INFO     | __main__ | ✅ Приложение запущено успешно.
